2014-08-19 17:30:57 -  - exec CUpdateClient::GetUpdatesList
2014-08-19 17:30:57 -  - exec CUpdateClient::CollectRequestData
2014-08-19 17:30:57 -  - LICENSE_KEY=X&lang=ru&SUPD_VER=14.5.0&VERSION=14.5.0&TYPENC=E&SUPD_STS=1&SUPD_URS=0&SUPD_URSA=1&SUPD_DBS=MYSQL&XE=N&CLIENT_SITE=shik&CHHB=shik&CSAB=127.0.0.1&CANGZIP=Y&CLIENT_PHPVER=5.3.28&stable=Y&bitm_main=14.5.0&bitm_bitrixcloud=14.0.4&bitm_blog=14.5.0&bitm_catalog=14.5.3&bitm_clouds=14.5.0&bitm_compression=14.0.0&bitm_currency=14.0.0&bitm_eshopapp=14.0.0&bitm_fileman=14.5.0&bitm_form=14.0.1&bitm_forum=14.5.1&bitm_highloadblock=14.0.6&bitm_iblock=14.5.0&bitm_mobileapp=14.0.3&bitm_perfmon=14.0.1&bitm_photogallery=14.5.1&bitm_pull=14.1.6&bitm_report=14.1.1&bitm_sale=14.5.2&bitm_scale=14.5.0&bitm_search=14.5.0&bitm_security=14.5.0&bitm_seo=14.5.0&bitm_socialservices=14.0.4&bitm_subscribe=14.5.0&bitm_vote=14.0.2&bitl_en=&bitl_ru=&bith_ru=&bith_en=&SUPD_OFC=Small&SUPD_SRS=RU
2014-08-19 17:30:57 -  - exec CUpdateClient::GetHTTPPage
2014-08-19 17:30:58 -  - TIME GetUpdatesList(request) 0.995 sec
2014-08-19 17:30:58 -  - exec CUpdateClient::ParseServerData
2014-08-19 17:31:00 -  - exec CUpdateClient::GetUpdatesList
2014-08-19 17:31:00 -  - exec CUpdateClient::CollectRequestData
2014-08-19 17:31:00 -  - LICENSE_KEY=X&lang=ru&SUPD_VER=14.5.0&VERSION=14.5.0&TYPENC=E&SUPD_STS=1&SUPD_URS=0&SUPD_URSA=1&SUPD_DBS=MYSQL&XE=N&CLIENT_SITE=shik&CHHB=shik&CSAB=127.0.0.1&CANGZIP=Y&CLIENT_PHPVER=5.3.28&stable=Y&bitm_main=14.5.0&bitm_bitrixcloud=14.0.4&bitm_blog=14.5.0&bitm_catalog=14.5.3&bitm_clouds=14.5.0&bitm_compression=14.0.0&bitm_currency=14.0.0&bitm_eshopapp=14.0.0&bitm_fileman=14.5.0&bitm_form=14.0.1&bitm_forum=14.5.1&bitm_highloadblock=14.0.6&bitm_iblock=14.5.0&bitm_mobileapp=14.0.3&bitm_perfmon=14.0.1&bitm_photogallery=14.5.1&bitm_pull=14.1.6&bitm_report=14.1.1&bitm_sale=14.5.2&bitm_scale=14.5.0&bitm_search=14.5.0&bitm_security=14.5.0&bitm_seo=14.5.0&bitm_socialservices=14.0.4&bitm_subscribe=14.5.0&bitm_vote=14.0.2&bitl_en=&bitl_ru=&bith_ru=&bith_en=&SUPD_OFC=Small&SUPD_SRS=RU
2014-08-19 17:31:00 -  - exec CUpdateClient::GetHTTPPage
2014-08-19 17:31:00 -  - TIME GetUpdatesList(request) 0.575 sec
2014-08-19 17:31:00 -  - exec CUpdateClient::ParseServerData
2014-08-19 17:31:33 -  - exec CUpdateClient::GetUpdatesList
2014-08-19 17:31:33 -  - exec CUpdateClient::CollectRequestData
2014-08-19 17:31:33 -  - LICENSE_KEY=X&lang=ru&SUPD_VER=14.5.0&VERSION=14.5.0&TYPENC=E&SUPD_STS=1&SUPD_URS=0&SUPD_URSA=1&SUPD_DBS=MYSQL&XE=N&CLIENT_SITE=shik&CHHB=shik&CSAB=127.0.0.1&CANGZIP=Y&CLIENT_PHPVER=5.3.28&stable=Y&bitm_main=14.5.0&bitm_bitrixcloud=14.0.4&bitm_blog=14.5.0&bitm_catalog=14.5.3&bitm_clouds=14.5.0&bitm_compression=14.0.0&bitm_currency=14.0.0&bitm_eshopapp=14.0.0&bitm_fileman=14.5.0&bitm_form=14.0.1&bitm_forum=14.5.1&bitm_highloadblock=14.0.6&bitm_iblock=14.5.0&bitm_mobileapp=14.0.3&bitm_perfmon=14.0.1&bitm_photogallery=14.5.1&bitm_pull=14.1.6&bitm_report=14.1.1&bitm_sale=14.5.2&bitm_scale=14.5.0&bitm_search=14.5.0&bitm_security=14.5.0&bitm_seo=14.5.0&bitm_socialservices=14.0.4&bitm_subscribe=14.5.0&bitm_vote=14.0.2&bitl_en=&bitl_ru=&bith_ru=&bith_en=&SUPD_OFC=Small&SUPD_SRS=RU
2014-08-19 17:31:33 -  - exec CUpdateClient::GetHTTPPage
2014-08-19 17:31:34 -  - TIME GetUpdatesList(request) 0.469 sec
2014-08-19 17:31:34 -  - exec CUpdateClient::ParseServerData
2014-08-19 17:31:58 -  - exec CUpdateClient::UpdateUpdate
2014-08-19 17:31:58 -  - exec CUpdateClient::CollectRequestData
2014-08-19 17:31:58 -  - LICENSE_KEY=X&lang=ru&SUPD_VER=14.5.0&VERSION=14.5.0&TYPENC=E&SUPD_STS=1&SUPD_URS=0&SUPD_URSA=1&SUPD_DBS=MYSQL&XE=N&CLIENT_SITE=shik&CHHB=shik&CSAB=127.0.0.1&CANGZIP=Y&CLIENT_PHPVER=5.3.28&stable=Y&bitm_main=14.5.0&bitm_bitrixcloud=14.0.4&bitm_blog=14.5.0&bitm_catalog=14.5.3&bitm_clouds=14.5.0&bitm_compression=14.0.0&bitm_currency=14.0.0&bitm_eshopapp=14.0.0&bitm_fileman=14.5.0&bitm_form=14.0.1&bitm_forum=14.5.1&bitm_highloadblock=14.0.6&bitm_iblock=14.5.0&bitm_mobileapp=14.0.3&bitm_perfmon=14.0.1&bitm_photogallery=14.5.1&bitm_pull=14.1.6&bitm_report=14.1.1&bitm_sale=14.5.2&bitm_scale=14.5.0&bitm_search=14.5.0&bitm_security=14.5.0&bitm_seo=14.5.0&bitm_socialservices=14.0.4&bitm_subscribe=14.5.0&bitm_vote=14.0.2&bitl_en=&bitl_ru=&bith_ru=&bith_en=&SUPD_OFC=Small&SUPD_SRS=RU&query_type=updateupdate
2014-08-19 17:31:58 -  - exec CUpdateClient::GetHTTPPage
2014-08-19 17:32:01 -  - TIME UpdateUpdate(request) 3.307 sec
2014-08-19 17:32:01 -  - exec CUpdateClient::UnGzipArchive
2014-08-19 17:32:01 -  - TIME UnGzipArchive 0.039 sec
2014-08-19 17:32:01 -  - exec CUpdateClient::ParseServerData
2014-08-19 17:32:01 - CURV - Update updated successfully!
2014-08-19 17:32:01 - UPD_SUCCESS - Update system updated
2014-08-19 17:32:02 -  - exec CUpdateClient::GetUpdatesList
2014-08-19 17:32:02 -  - exec CUpdateClient::CollectRequestData
2014-08-19 17:32:02 -  - LICENSE_KEY=X&lang=ru&SUPD_VER=14.5.1&VERSION=14.5.0&TYPENC=E&SUPD_STS=1&SUPD_URS=0&SUPD_URSA=1&SUPD_DBS=MYSQL&XE=N&CLIENT_SITE=shik&CHHB=shik&CSAB=127.0.0.1&CANGZIP=Y&CLIENT_PHPVER=5.3.28&stable=Y&bitm_main=14.5.0&bitm_bitrixcloud=14.0.4&bitm_blog=14.5.0&bitm_catalog=14.5.3&bitm_clouds=14.5.0&bitm_compression=14.0.0&bitm_currency=14.0.0&bitm_eshopapp=14.0.0&bitm_fileman=14.5.0&bitm_form=14.0.1&bitm_forum=14.5.1&bitm_highloadblock=14.0.6&bitm_iblock=14.5.0&bitm_mobileapp=14.0.3&bitm_perfmon=14.0.1&bitm_photogallery=14.5.1&bitm_pull=14.1.6&bitm_report=14.1.1&bitm_sale=14.5.2&bitm_scale=14.5.0&bitm_search=14.5.0&bitm_security=14.5.0&bitm_seo=14.5.0&bitm_socialservices=14.0.4&bitm_subscribe=14.5.0&bitm_vote=14.0.2&bitl_en=&bitl_ru=&bith_ru=&bith_en=&SUPD_OFC=Small&SUPD_SRS=RU&SUPD_CMP=N
2014-08-19 17:32:02 -  - exec CUpdateClient::GetHTTPPage
2014-08-19 17:32:02 -  - TIME GetUpdatesList(request) 0.397 sec
2014-08-19 17:32:02 -  - exec CUpdateClient::ParseServerData
2014-08-19 17:33:19 -  - exec CUpdateClient::GetUpdatesList
2014-08-19 17:33:19 -  - exec CUpdateClient::CollectRequestData
2014-08-19 17:33:19 -  - LICENSE_KEY=X&lang=ru&SUPD_VER=14.5.1&VERSION=14.5.0&TYPENC=E&SUPD_STS=1&SUPD_URS=0&SUPD_URSA=1&SUPD_DBS=MYSQL&XE=N&CLIENT_SITE=shik&CHHB=shik&CSAB=127.0.0.1&CANGZIP=Y&CLIENT_PHPVER=5.3.28&stable=Y&bitm_main=14.5.0&bitm_bitrixcloud=14.0.4&bitm_blog=14.5.0&bitm_catalog=14.5.3&bitm_clouds=14.5.0&bitm_compression=14.0.0&bitm_currency=14.0.0&bitm_eshopapp=14.0.0&bitm_fileman=14.5.0&bitm_form=14.0.1&bitm_forum=14.5.1&bitm_highloadblock=14.0.6&bitm_iblock=14.5.0&bitm_mobileapp=14.0.3&bitm_perfmon=14.0.1&bitm_photogallery=14.5.1&bitm_pull=14.1.6&bitm_report=14.1.1&bitm_sale=14.5.2&bitm_scale=14.5.0&bitm_search=14.5.0&bitm_security=14.5.0&bitm_seo=14.5.0&bitm_socialservices=14.0.4&bitm_subscribe=14.5.0&bitm_vote=14.0.2&bitl_en=&bitl_ru=&bith_ru=&bith_en=&SUPD_OFC=Small&SUPD_SRS=RU&SUPD_CMP=N
2014-08-19 17:33:19 -  - exec CUpdateClient::GetHTTPPage
2014-08-19 17:33:20 -  - TIME GetUpdatesList(request) 1.639 sec
2014-08-19 17:33:20 -  - exec CUpdateClient::ParseServerData
